<?xml version="1.0" encoding="UTF-8"?>
<testsuite xmlns:xsi="http://www.w3.org/2001/XMLSchema-instance" xsi:noNamespaceSchemaLocation="https://maven.apache.org/surefire/maven-surefire-plugin/xsd/surefire-test-report-3.0.xsd" version="3.0" name="TestSuite" time="6.75" tests="1" errors="0" skipped="0" failures="0">
  <properties>
[...]
</properties>
  <testcase name="runScenario[&quot;verifying&quot;, &quot;Validating common vegetables on both dashboard and offers page&quot;](1)" classname="Testrunner.Testrunnerclass" time="5.441">
    <system-out><![CDATA[
@smoke
Scenario: verifying                                                             # src/test/java/Features/GreenKart.feature:5
  Given user open the application in any browser                                # StepDefinations.LandingPage.open_the_App()
  When user provide the veg table name in "tom" search field                    # StepDefinations.LandingPage.enter_Vegname(java.lang.String)
  And click on the Topdeals link and provide the veg name "tom" in search field # StepDefinations.OffersPage.click_On_Link(java.lang.String)
  Then validating vegetables are availables on both dashboard and offers page   # StepDefinations.OffersPage.verify_VegTables()
]]></system-out>
    <system-err><![CDATA[SLF4J(W): No SLF4J providers were found.
SLF4J(W): Defaulting to no-operation (NOP) logger implementation
SLF4J(W): See https://www.slf4j.org/codes.html#noProviders for further details.
Sep 24, 2025 5:28:54 PM org.openqa.selenium.devtools.CdpVersionFinder findNearestMatch
WARNING: Unable to find CDP implementation matching 140
Sep 24, 2025 5:28:54 PM org.openqa.selenium.chromium.ChromiumDriver lambda$new$5
WARNING: Unable to find version of CDP to use for 140.0.7339.128. You may need to include a dependency on a specific version of the CDP using something similar to `org.seleniumhq.selenium:selenium-devtools-v86:4.23.0` where the version ("v86") matches the version of the chromium-based browser you're using and the version number of the artifact is the same as Selenium's.
]]></system-err>
  </testcase>
</testsuite>