<?xml version="1.0" encoding="UTF-8"?>
<testng-results ignored="0" total="1" passed="1" failed="0" skipped="0">
  <reporter-output>
  </reporter-output>
  <suite started-at="2025-09-24T17:28:50 IST" name="Surefire suite" finished-at="2025-09-24T17:28:57 IST" duration-ms="6219">
    <groups>
      <group name="cucumber">
        <method signature="AbstractTestNGCucumberTests.runScenario(io.cucumber.testng.PickleWrapper,io.cucumber.testng.FeatureWrapper)[pri:0, instance:Testrunner.Testrunnerclass@67a20f67]" name="runScenario" class="io.cucumber.testng.AbstractTestNGCucumberTests"/>
      </group> <!-- cucumber -->
    </groups>
    <test started-at="2025-09-24T17:28:50 IST" name="Surefire test" finished-at="2025-09-24T17:28:57 IST" duration-ms="6219">
      <class name="Testrunner.Testrunnerclass">
        <test-method is-config="true" signature="setUpClass(org.testng.ITestContext)[pri:0, instance:Testrunner.Testrunnerclass@67a20f67]" started-at="2025-09-24T17:28:50 IST" name="setUpClass" finished-at="2025-09-24T17:28:51 IST" duration-ms="722" status="PASS">
          <params>
            <param index="0">
              <value>
                <![CDATA[org.testng.TestRunner@7c6189d5]]>
              </value>
            </param>
          </params>
          <reporter-output>
          </reporter-output>
        </test-method> <!-- setUpClass -->
        <test-method signature="runScenario(io.cucumber.testng.PickleWrapper,io.cucumber.testng.FeatureWrapper)[pri:0, instance:Testrunner.Testrunnerclass@67a20f67]" started-at="2025-09-24T17:28:51 IST" name="runScenario" description="Runs Cucumber Scenarios" data-provider="scenarios" finished-at="2025-09-24T17:28:57 IST" duration-ms="5443" status="PASS">
          <params>
            <param index="0">
              <value>
                <![CDATA["verifying"]]>
              </value>
            </param>
            <param index="1">
              <value>
                <![CDATA["Validating common vegetables on both dashboard and offers page"]]>
              </value>
            </param>
          </params>
          <reporter-output>
          </reporter-output>
        </test-method> <!-- runScenario -->
        <test-method is-config="true" signature="tearDownClass()[pri:0, instance:Testrunner.Testrunnerclass@67a20f67]" started-at="2025-09-24T17:28:57 IST" name="tearDownClass" finished-at="2025-09-24T17:28:57 IST" duration-ms="19" status="PASS">
          <reporter-output>
          </reporter-output>
        </test-method> <!-- tearDownClass -->
      </class> <!-- Testrunner.Testrunnerclass -->
    </test> <!-- Surefire test -->
  </suite> <!-- Surefire suite -->
</testng-results>
