<?xml version="1.0" encoding="UTF-8"?>
<testng-results ignored="0" total="1" passed="1" failed="0" skipped="0">
  <reporter-output>
  </reporter-output>
  <suite started-at="2025-09-23T12:37:56 IST" name="Default suite" finished-at="2025-09-23T12:37:59 IST" duration-ms="3955">
    <groups>
      <group name="cucumber">
        <method signature="AbstractTestNGCucumberTests.runScenario(io.cucumber.testng.PickleWrapper,io.cucumber.testng.FeatureWrapper)[pri:0, instance:Testrunner.Testrunnerclass@8462f31]" name="runScenario" class="io.cucumber.testng.AbstractTestNGCucumberTests"/>
      </group> <!-- cucumber -->
    </groups>
    <test started-at="2025-09-23T12:37:56 IST" name="Default test" finished-at="2025-09-23T12:37:59 IST" duration-ms="3955">
      <class name="Testrunner.Testrunnerclass">
        <test-method is-config="true" signature="setUpClass(org.testng.ITestContext)[pri:0, instance:Testrunner.Testrunnerclass@8462f31]" started-at="2025-09-23T12:37:56 IST" name="setUpClass" finished-at="2025-09-23T12:37:56 IST" duration-ms="475" status="PASS">
          <params>
            <param index="0">
              <value>
                <![CDATA[org.testng.TestRunner@1f0b3cfe]]>
              </value>
            </param>
          </params>
          <reporter-output>
          </reporter-output>
        </test-method> <!-- setUpClass -->
        <test-method signature="runScenario(io.cucumber.testng.PickleWrapper,io.cucumber.testng.FeatureWrapper)[pri:0, instance:Testrunner.Testrunnerclass@8462f31]" started-at="2025-09-23T12:37:56 IST" name="runScenario" description="Runs Cucumber Scenarios" data-provider="scenarios" finished-at="2025-09-23T12:37:59 IST" duration-ms="3427" status="PASS">
          <params>
            <param index="0">
              <value>
                <![CDATA["verifying"]]>
              </value>
            </param>
            <param index="1">
              <value>
                <![CDATA["Validating common vegetables on both dashboard and offers page"]]>
              </value>
            </param>
          </params>
          <reporter-output>
          </reporter-output>
        </test-method> <!-- runScenario -->
        <test-method is-config="true" signature="tearDownClass()[pri:0, instance:Testrunner.Testrunnerclass@8462f31]" started-at="2025-09-23T12:37:59 IST" name="tearDownClass" finished-at="2025-09-23T12:37:59 IST" duration-ms="17" status="PASS">
          <reporter-output>
          </reporter-output>
        </test-method> <!-- tearDownClass -->
      </class> <!-- Testrunner.Testrunnerclass -->
    </test> <!-- Default test -->
  </suite> <!-- Default suite -->
</testng-results>
